<?xml version="1.0" encoding="UTF-8" ?>
<testsuite tests="4" failures="0" name="pv3199.lib.java.util.ArraysTest" time="0.126" errors="0" skipped="0">
  <properties>
[...]
</properties>
  <testcase classname="pv3199.lib.java.util.ArraysTest" name="testGet" time="0.01"/>
  <testcase classname="pv3199.lib.java.util.ArraysTest" name="testSet" time="0"/>
  <testcase classname="pv3199.lib.java.util.ArraysTest" name="testJoinArrays" time="0"/>
  <testcase classname="pv3199.lib.java.util.ArraysTest" name="testRandFillArray" time="0.116"/>
</testsuite>